<?xml version="1.0" encoding="utf-8"?><testsuites><testsuite name="pytest" errors="0" failures="0" skipped="0" tests="63" time="1.822" timestamp="2023-10-03T13:24:14.671743" hostname="fv-az417-332"><testcase classname="tests.test_either.TestEither" name="test_either_is_right_by_default" time="0.002" /><testcase classname="tests.test_either.TestEither" name="test_left_either_properties" time="0.001" /><testcase classname="tests.test_either.TestEither" name="test_right_either_properties" time="0.001" /><testcase classname="tests.test_either.TestEither" name="test_either_right_identity" time="0.001" /><testcase classname="tests.test_either.TestEither" name="test_either_left_identity" time="0.001" /><testcase classname="tests.test_either.TestEither" name="test_either_associativity" time="0.001" /><testcase classname="tests.test_either.TestEither" name="test_right_value_equals_get" time="0.001" /><testcase classname="tests.test_either.TestEither" name="test_left_either_flat_maps_is_left" time="0.001" /><testcase classname="tests.test_either.TestEither" name="test_left_maps_does_not_map" time="0.001" /><testcase classname="tests.test_either.TestEither" name="test_left_map_requires_callable" time="0.001" /><testcase classname="tests.test_either.TestEither" name="test_either_flat_map_requires_callable" time="0.001" /><testcase classname="tests.test_either.TestEither" name="test_either_repr" time="0.001" /><testcase classname="tests.test_future.TestFuture" name="test_future_success_properties" time="0.001" /><testcase classname="tests.test_future.TestFuture" name="test_future_right_identity" time="0.001" /><testcase classname="tests.test_future.TestFuture" name="test_future_left_identity" time="0.001" /><testcase classname="tests.test_future.TestFuture" name="test_future_associativity" time="0.001" /><testcase classname="tests.test_future.TestFuture" name="test_future_completes_async_with_value" time="0.202" /><testcase classname="tests.test_future.TestFuture" name="test_failed_future_flat_maps_to_failure" time="0.001" /><testcase classname="tests.test_future.TestFuture" name="test_future_flat_map_requires_callable" time="0.001" /><testcase classname="tests.test_future.TestFuture" name="test_future_repr" time="0.001" /><testcase classname="tests.test_future.TestFuture" name="test_combining_futures_with_flat_map" time="0.203" /><testcase classname="tests.test_future.TestFuture" name="test_combining_futures_with_traverse" time="0.202" /><testcase classname="tests.test_future.TestFuture" name="test_on_success_success_case" time="0.202" /><testcase classname="tests.test_future.TestFuture" name="test_on_success_fail_case" time="0.203" /><testcase classname="tests.test_future.TestFuture" name="test_on_failure_success_case" time="0.202" /><testcase classname="tests.test_future.TestFuture" name="test_on_failure_fail_case" time="0.203" /><testcase classname="tests.test_monad.TestMonad" name="test_monad_pure_not_implemented" time="0.001" /><testcase classname="tests.test_monad.TestMonad" name="test_monad_map" time="0.001" /><testcase classname="tests.test_monad.TestMonad" name="test_get_on_empty_monad_throws_type_error" time="0.001" /><testcase classname="tests.test_monad.TestMonad" name="test_monad_get_or_else_with_success" time="0.001" /><testcase classname="tests.test_monad.TestMonad" name="test_monad_get_or_else_with_failure" time="0.004" /><testcase classname="tests.test_monad.TestMonad" name="test_monad_or_else_supply_with_success" time="0.001" /><testcase classname="tests.test_monad.TestMonad" name="test_monad_or_else_suplly_with_failure" time="0.001" /><testcase classname="tests.test_monad.TestMonad" name="test_monad_or_else_with_success" time="0.001" /><testcase classname="tests.test_monad.TestMonad" name="test_monad_or_else_with_failure" time="0.001" /><testcase classname="tests.test_monad.TestMonad" name="test_monad_foreach_is_none" time="0.001" /><testcase classname="tests.test_monad.TestMonad" name="test_monad_map_requires_callable" time="0.001" /><testcase classname="tests.test_monad.TestMonad" name="test_monad_foreach_requires_callable" time="0.002" /><testcase classname="tests.test_monad.TestMonad" name="test_monad_or_else_supply_requires_callable" time="0.001" /><testcase classname="tests.test_monad.TestMonad" name="test_monad_or_else_requires_other_monad" time="0.001" /><testcase classname="tests.test_option.TestOption" name="test_option_of_none_is_empty" time="0.001" /><testcase classname="tests.test_option.TestOption" name="test_option_right_identity" time="0.001" /><testcase classname="tests.test_option.TestOption" name="test_option_left_identity" time="0.001" /><testcase classname="tests.test_option.TestOption" name="test_option_associativity" time="0.001" /><testcase classname="tests.test_option.TestOption" name="test_empty_option_flat_maps_to_empty" time="0.001" /><testcase classname="tests.test_option.TestOption" name="test_option_flat_map_requires_callable" time="0.001" /><testcase classname="tests.test_option.TestOption" name="test_option_repr" time="0.001" /><testcase classname="tests.test_try.TestOption" name="test_try_of_exception_is_failure" time="0.001" /><testcase classname="tests.test_try.TestOption" name="test_recover_from_failed_try_is_success" time="0.001" /><testcase classname="tests.test_try.TestOption" name="test_recovers_from_failed_try_depends_on_error" time="0.001" /><testcase classname="tests.test_try.TestOption" name="test_recover_from_failed_try_depends_on_error" time="0.001" /><testcase classname="tests.test_try.TestOption" name="test_try_right_identity" time="0.001" /><testcase classname="tests.test_try.TestOption" name="test_try_left_identity" time="0.001" /><testcase classname="tests.test_try.TestOption" name="test_try_associativity" time="0.001" /><testcase classname="tests.test_try.TestOption" name="test_try_map_function" time="0.001" /><testcase classname="tests.test_try.TestOption" name="test_failed_try_flat_maps_to_failure" time="0.001" /><testcase classname="tests.test_try.TestOption" name="test_try_flat_map_requires_callable" time="0.001" /><testcase classname="tests.test_try.TestOption" name="test_try_recovers_requires_list_of_exceptions" time="0.001" /><testcase classname="tests.test_try.TestOption" name="test_try_on_success_done" time="0.001" /><testcase classname="tests.test_try.TestOption" name="test_try_on_success_skipped" time="0.001" /><testcase classname="tests.test_try.TestOption" name="test_try_on_failure_done" time="0.001" /><testcase classname="tests.test_try.TestOption" name="test_try_on_failure_skipped" time="0.001" /><testcase classname="tests.test_try.TestOption" name="test_try_repr" time="0.001" /></testsuite></testsuites>